<?xml version="1.0" encoding="UTF-8"?>
<!-- Generated by org.testng.reporters.JUnitReportReporter -->
<testsuite hostname="LAPTOP-BPHIKLG5" failures="0" tests="4" name="com.calculator2.appium.runners.RunnerTest" time="33.590" errors="0" timestamp="2025-02-15T03:28:49 WIB" skipped="0">
  <testcase classname="com.calculator2.appium.runners.RunnerTest" name="runScenario" time="7.925"/>
  <testcase classname="com.calculator2.appium.runners.RunnerTest" name="runScenario" time="8.884"/>
  <testcase classname="com.calculator2.appium.runners.RunnerTest" name="runScenario" time="5.540"/>
  <testcase classname="com.calculator2.appium.runners.RunnerTest" name="runScenario" time="11.241"/>
</testsuite> <!-- com.calculator2.appium.runners.RunnerTest -->
