<?xml version="1.0" encoding="UTF-8"?>
<!-- Generated by org.testng.reporters.JUnitReportReporter -->
<testsuite hostname="LAPTOP-BPHIKLG5" failures="0" tests="1" name="com.calculator2.appium.runners.RunnerTest" time="7.199" errors="0" timestamp="2025-02-08T16:37:02 WIB" skipped="0">
  <testcase classname="com.calculator2.appium.runners.RunnerTest" name="runScenario" time="7.199"/>
</testsuite> <!-- com.calculator2.appium.runners.RunnerTest -->
